<?xml version="1.0" encoding="utf-8"?><testsuites><testsuite name="pytest" errors="0" failures="0" skipped="0" tests="6" time="0.042" timestamp="2022-03-29T17:57:10.137244" hostname="DESKTOP-3KVSK4G"><testcase classname="test_main" name="test_prime[3-prime]" time="0.001" /><testcase classname="test_main" name="test_prime[4-not prime]" time="0.001" /><testcase classname="test_main" name="test_prime[5-prime]" time="0.001" /><testcase classname="test_main" name="test_palin[343-palindrome]" time="0.001" /><testcase classname="test_main" name="test_palin[1221-palindrome]" time="0.001" /><testcase classname="test_main" name="test_palin[5005-palindrome]" time="0.001" /></testsuite></testsuites>